04/11/2022 08:23:31 PM - INFO - TestDashboard : Test dashboard Started
04/11/2022 08:23:36 PM - INFO - TestDashboard : Test dashboard completed
04/11/2022 08:23:36 PM - INFO - TestDashboard : Test dashboard using Checking water Text Started
04/11/2022 08:23:36 PM - INFO - TestDashboard : Test dashboard using Checking water Text Completed
04/11/2022 08:23:36 PM - INFO - TestDashboard : Test dashboard using Checking alarm Text Started
04/11/2022 08:23:36 PM - INFO - TestDashboard : Test dashboard using Checking alarm Text Completed
04/11/2022 08:23:36 PM - INFO - TestDashboard : Test dashboard using Checking Fire Text Started
04/11/2022 08:23:36 PM - INFO - TestDashboard : Test dashboard using Checking Fire Text Completed
04/11/2022 08:23:36 PM - INFO - TestDashboard : Test dashboard using Checking Hub Text Started
04/11/2022 08:23:36 PM - INFO - TestDashboard : Test dashboard using Checking Hub Text Completed
04/11/2022 08:23:36 PM - INFO - TestDashboard : Test dashboard using Checking Date Started
04/11/2022 08:23:36 PM - INFO - TestDashboard : Test dashboard using Checking Date Completed
04/11/2022 08:23:36 PM - INFO - TestDashboard : Test dashboard By Clicking Connect Hubs to Homes Started
04/11/2022 08:23:42 PM - INFO - TestDashboard : Test dashboard By Clicking Connect Hubs to Homes Completed
04/11/2022 08:23:42 PM - INFO - TestDashboard : Test dashboard By Clicking Invite Home Owners Started
04/11/2022 08:23:47 PM - INFO - TestDashboard : Test dashboard By Clicking Invite Home Owners Completed
04/11/2022 08:23:47 PM - INFO - TestDashboard : Test dashboard By Clicking Register Buildings Started
04/11/2022 08:23:52 PM - INFO - TestDashboard : Test dashboard By Clicking Register Buildings Completed
04/11/2022 08:23:52 PM - INFO - TestDashboard : Test dashboard By Clicking Register Homes Started
04/11/2022 08:23:57 PM - INFO - TestDashboard : Test dashboard By Clicking Register Homes Completed
04/11/2022 08:46:35 PM - INFO - TestDashboard : Test dashboard Started
04/11/2022 08:46:40 PM - INFO - TestDashboard : Test dashboard completed
04/11/2022 08:46:40 PM - INFO - TestDashboard : Test dashboard using Checking water Text Started
04/11/2022 08:46:40 PM - INFO - TestDashboard : Test dashboard using Checking water Text Completed
04/11/2022 08:46:40 PM - INFO - TestDashboard : Test dashboard using Checking alarm Text Started
04/11/2022 08:46:40 PM - INFO - TestDashboard : Test dashboard using Checking alarm Text Completed
04/11/2022 08:46:40 PM - INFO - TestDashboard : Test dashboard using Checking Fire Text Started
04/11/2022 08:46:40 PM - INFO - TestDashboard : Test dashboard using Checking Fire Text Completed
04/11/2022 08:46:40 PM - INFO - TestDashboard : Test dashboard using Checking Hub Text Started
04/11/2022 08:46:40 PM - INFO - TestDashboard : Test dashboard using Checking Hub Text Completed
04/11/2022 08:46:40 PM - INFO - TestDashboard : Test dashboard using Checking Date Started
04/11/2022 08:46:40 PM - INFO - TestDashboard : Test dashboard using Checking Date Completed
04/11/2022 08:46:40 PM - INFO - TestDashboard : Test dashboard By Clicking Connect Hubs to Homes Started
04/11/2022 08:46:45 PM - INFO - TestDashboard : Test dashboard By Clicking Connect Hubs to Homes Completed
04/11/2022 08:46:45 PM - INFO - TestDashboard : Test dashboard By Clicking Invite Home Owners Started
04/11/2022 08:46:50 PM - INFO - TestDashboard : Test dashboard By Clicking Invite Home Owners Completed
04/11/2022 08:46:50 PM - INFO - TestDashboard : Test dashboard By Clicking Register Buildings Started
04/11/2022 08:46:55 PM - INFO - TestDashboard : Test dashboard By Clicking Register Buildings Completed
04/11/2022 08:46:55 PM - INFO - TestDashboard : Test dashboard By Clicking Register Homes Started
04/11/2022 08:47:01 PM - INFO - TestDashboard : Test dashboard By Clicking Register Homes Completed
04/11/2022 08:48:43 PM - INFO - TestDashboard : Test dashboard Started
04/11/2022 08:48:48 PM - INFO - TestDashboard : Test dashboard completed
04/11/2022 08:48:48 PM - INFO - TestDashboard : Test dashboard using Checking water Text Started
04/11/2022 08:48:48 PM - INFO - TestDashboard : Test dashboard using Checking water Text Completed
04/11/2022 08:48:48 PM - INFO - TestDashboard : Test dashboard using Checking alarm Text Started
04/11/2022 08:48:48 PM - INFO - TestDashboard : Test dashboard using Checking alarm Text Completed
04/11/2022 08:48:48 PM - INFO - TestDashboard : Test dashboard using Checking Fire Text Started
04/11/2022 08:48:48 PM - INFO - TestDashboard : Test dashboard using Checking Fire Text Completed
04/11/2022 08:48:48 PM - INFO - TestDashboard : Test dashboard using Checking Hub Text Started
04/11/2022 08:48:48 PM - INFO - TestDashboard : Test dashboard using Checking Hub Text Completed
04/11/2022 08:48:48 PM - INFO - TestDashboard : Test dashboard using Checking Date Started
04/11/2022 08:48:48 PM - INFO - TestDashboard : Test dashboard using Checking Date Completed
04/11/2022 08:48:48 PM - INFO - TestDashboard : Test dashboard By Clicking Connect Hubs to Homes Started
04/11/2022 08:48:53 PM - INFO - TestDashboard : Test dashboard By Clicking Connect Hubs to Homes Completed
04/11/2022 08:48:53 PM - INFO - TestDashboard : Test dashboard By Clicking Invite Home Owners Started
04/11/2022 08:48:59 PM - INFO - TestDashboard : Test dashboard By Clicking Invite Home Owners Completed
04/11/2022 08:48:59 PM - INFO - TestDashboard : Test dashboard By Clicking Register Buildings Started
04/11/2022 08:49:04 PM - INFO - TestDashboard : Test dashboard By Clicking Register Buildings Completed
04/11/2022 08:49:04 PM - INFO - TestDashboard : Test dashboard By Clicking Register Homes Started
04/11/2022 08:49:09 PM - INFO - TestDashboard : Test dashboard By Clicking Register Homes Completed
04/11/2022 08:53:45 PM - INFO - TestDashboard : Test dashboard Started
04/11/2022 08:53:50 PM - INFO - TestDashboard : Test dashboard completed
04/11/2022 08:53:50 PM - INFO - TestDashboard : Test dashboard using Checking water Text Started
04/11/2022 08:53:50 PM - INFO - TestDashboard : Test dashboard using Checking water Text Completed
04/11/2022 08:53:50 PM - INFO - TestDashboard : Test dashboard using Checking alarm Text Started
04/11/2022 08:53:50 PM - INFO - TestDashboard : Test dashboard using Checking alarm Text Completed
04/11/2022 08:53:50 PM - INFO - TestDashboard : Test dashboard using Checking Fire Text Started
04/11/2022 08:53:50 PM - INFO - TestDashboard : Test dashboard using Checking Fire Text Completed
04/11/2022 08:53:50 PM - INFO - TestDashboard : Test dashboard using Checking Hub Text Started
04/11/2022 08:53:50 PM - INFO - TestDashboard : Test dashboard using Checking Hub Text Completed
04/11/2022 08:53:50 PM - INFO - TestDashboard : Test dashboard using Checking Date Started
04/11/2022 08:53:50 PM - INFO - TestDashboard : Test dashboard using Checking Date Completed
04/11/2022 08:53:50 PM - INFO - TestDashboard : Test dashboard By Clicking Connect Hubs to Homes Started
04/11/2022 08:53:55 PM - INFO - TestDashboard : Test dashboard By Clicking Connect Hubs to Homes Completed
04/11/2022 08:53:55 PM - INFO - TestDashboard : Test dashboard By Clicking Invite Home Owners Started
04/11/2022 08:54:00 PM - INFO - TestDashboard : Test dashboard By Clicking Invite Home Owners Completed
04/11/2022 08:54:00 PM - INFO - TestDashboard : Test dashboard By Clicking Register Buildings Started
04/11/2022 08:54:06 PM - INFO - TestDashboard : Test dashboard By Clicking Register Buildings Completed
04/11/2022 08:54:06 PM - INFO - TestDashboard : Test dashboard By Clicking Register Homes Started
04/11/2022 08:54:11 PM - INFO - TestDashboard : Test dashboard By Clicking Register Homes Completed
04/11/2022 08:55:28 PM - INFO - TestDashboard : Test dashboard Started
04/11/2022 08:55:33 PM - INFO - TestDashboard : Test dashboard using Checking water Text Started
04/11/2022 08:55:33 PM - INFO - TestDashboard : Test dashboard using Checking alarm Text Started
04/11/2022 08:55:33 PM - INFO - TestDashboard : Test dashboard using Checking Fire Text Started
04/11/2022 08:55:33 PM - INFO - TestDashboard : Test dashboard using Checking Hub Text Started
04/11/2022 08:55:33 PM - INFO - TestDashboard : Test dashboard using Checking Date Started
04/11/2022 08:55:33 PM - INFO - TestDashboard : Test dashboard By Clicking Connect Hubs to Homes Started
04/11/2022 08:55:39 PM - INFO - TestDashboard : Test dashboard By Clicking Connect Hubs to Homes Completed
04/11/2022 08:55:39 PM - INFO - TestDashboard : Test dashboard By Clicking Invite Home Owners Started
04/11/2022 08:55:44 PM - INFO - TestDashboard : Test dashboard By Clicking Invite Home Owners Completed
04/11/2022 08:55:44 PM - INFO - TestDashboard : Test dashboard By Clicking Register Buildings Started
04/11/2022 08:55:49 PM - INFO - TestDashboard : Test dashboard By Clicking Register Buildings Completed
04/11/2022 08:55:49 PM - INFO - TestDashboard : Test dashboard By Clicking Register Homes Started
04/11/2022 10:33:08 PM - INFO - TestDashboard : Test dashboard Started
04/11/2022 10:33:13 PM - INFO - TestDashboard : Test dashboard completed
04/11/2022 10:33:13 PM - INFO - TestDashboard : Test dashboard using Checking water Text Started
04/11/2022 10:33:13 PM - INFO - TestDashboard : Test dashboard using Checking water Text Completed
04/11/2022 10:33:13 PM - INFO - TestDashboard : Test dashboard using Checking alarm Text Started
04/11/2022 10:33:13 PM - INFO - TestDashboard : Test dashboard using Checking alarm Text Completed
04/11/2022 10:33:13 PM - INFO - TestDashboard : Test dashboard using Checking Fire Text Started
04/11/2022 10:33:13 PM - INFO - TestDashboard : Test dashboard using Checking Fire Text Completed
04/11/2022 10:33:13 PM - INFO - TestDashboard : Test dashboard using Checking Hub Text Started
04/11/2022 10:33:13 PM - INFO - TestDashboard : Test dashboard using Checking Hub Text Completed
04/11/2022 10:33:13 PM - INFO - TestDashboard : Test dashboard using Checking Date Started
04/11/2022 10:33:13 PM - INFO - TestDashboard : Test dashboard using Checking Date Completed
04/11/2022 10:33:13 PM - INFO - TestDashboard : Test dashboard By Clicking Connect Hubs to Homes Started
04/11/2022 10:34:43 PM - INFO - TestDashboard : Test dashboard Started
04/11/2022 10:34:48 PM - INFO - TestDashboard : Test dashboard completed
04/11/2022 10:34:48 PM - INFO - TestDashboard : Test dashboard using Checking water Text Started
04/11/2022 10:34:48 PM - INFO - TestDashboard : Test dashboard using Checking water Text Completed
04/11/2022 10:34:48 PM - INFO - TestDashboard : Test dashboard using Checking alarm Text Started
04/11/2022 10:34:48 PM - INFO - TestDashboard : Test dashboard using Checking alarm Text Completed
04/11/2022 10:34:48 PM - INFO - TestDashboard : Test dashboard using Checking Fire Text Started
04/11/2022 10:34:48 PM - INFO - TestDashboard : Test dashboard using Checking Fire Text Completed
04/11/2022 10:34:48 PM - INFO - TestDashboard : Test dashboard using Checking Hub Text Started
04/11/2022 10:34:48 PM - INFO - TestDashboard : Test dashboard using Checking Hub Text Completed
04/11/2022 10:34:48 PM - INFO - TestDashboard : Test dashboard using Checking Date Started
04/11/2022 10:34:48 PM - INFO - TestDashboard : Test dashboard using Checking Date Completed
04/11/2022 10:34:48 PM - INFO - TestDashboard : Test dashboard By Clicking Connect Hubs to Homes Started
04/11/2022 10:34:54 PM - INFO - TestDashboard : Test dashboard By Clicking Connect Hubs to Homes Completed
04/11/2022 10:34:54 PM - INFO - TestDashboard : Test dashboard By Clicking Invite Home Owners Started
04/11/2022 10:34:59 PM - INFO - TestDashboard : Test dashboard By Clicking Invite Home Owners Completed
04/11/2022 10:34:59 PM - INFO - TestDashboard : Test dashboard By Clicking Register Buildings Started
04/11/2022 10:35:04 PM - INFO - TestDashboard : Test dashboard By Clicking Register Buildings Completed
04/11/2022 10:35:04 PM - INFO - TestDashboard : Test dashboard By Clicking Register Homes Started
04/11/2022 11:19:40 PM - INFO - TestDashboard : Test dashboard Started
04/11/2022 11:19:45 PM - INFO - TestDashboard : Test dashboard using Checking water Text Started
04/11/2022 11:19:45 PM - INFO - TestDashboard : Test dashboard using Checking alarm Text Started
04/11/2022 11:19:45 PM - INFO - TestDashboard : Test dashboard using Checking Fire Text Started
04/11/2022 11:19:45 PM - INFO - TestDashboard : Test dashboard using Checking Hub Text Started
04/11/2022 11:19:45 PM - INFO - TestDashboard : Test dashboard using Checking Date Started
04/11/2022 11:19:45 PM - INFO - TestDashboard : Test dashboard By Clicking Connect Hubs to Homes Started
04/11/2022 11:19:50 PM - INFO - TestDashboard : Test dashboard By Clicking Invite Home Owners Started
04/11/2022 11:20:16 PM - INFO - TestDashboard : Test dashboard Started
04/11/2022 11:20:21 PM - INFO - TestDashboard : Test dashboard completed
04/11/2022 11:20:21 PM - INFO - TestDashboard : Test dashboard using Checking water Text Started
04/11/2022 11:20:21 PM - INFO - TestDashboard : Test dashboard using Checking water Text Completed
04/11/2022 11:20:21 PM - INFO - TestDashboard : Test dashboard using Checking alarm Text Started
04/11/2022 11:20:21 PM - INFO - TestDashboard : Test dashboard using Checking alarm Text Completed
04/11/2022 11:20:21 PM - INFO - TestDashboard : Test dashboard using Checking Fire Text Started
04/11/2022 11:20:21 PM - INFO - TestDashboard : Test dashboard using Checking Fire Text Completed
04/11/2022 11:20:21 PM - INFO - TestDashboard : Test dashboard using Checking Hub Text Started
04/11/2022 11:20:21 PM - INFO - TestDashboard : Test dashboard using Checking Hub Text Completed
04/11/2022 11:20:21 PM - INFO - TestDashboard : Test dashboard using Checking Date Started
04/11/2022 11:20:21 PM - INFO - TestDashboard : Test dashboard using Checking Date Completed
04/11/2022 11:20:21 PM - INFO - TestDashboard : Test dashboard By Clicking Connect Hubs to Homes Started
04/11/2022 11:20:26 PM - INFO - TestDashboard : Test dashboard By Clicking Connect Hubs to Homes Completed
04/11/2022 11:20:26 PM - INFO - TestDashboard : Test dashboard By Clicking Invite Home Owners Started
04/11/2022 11:20:31 PM - INFO - TestDashboard : Test dashboard By Clicking Invite Home Owners Completed
04/11/2022 11:20:31 PM - INFO - TestDashboard : Test dashboard By Clicking Register Buildings Started
04/11/2022 11:20:36 PM - INFO - TestDashboard : Test dashboard By Clicking Register Buildings Completed
04/11/2022 11:20:36 PM - INFO - TestDashboard : Test dashboard By Clicking Register Homes Started
04/11/2022 11:20:42 PM - INFO - TestDashboard : Test dashboard By Clicking Register Homes Completed
04/12/2022 11:49:55 AM - INFO - TestDashboard : Test dashboard Started
04/12/2022 11:50:00 AM - INFO - TestDashboard : Test dashboard completed
04/12/2022 11:50:00 AM - INFO - TestDashboard : Test dashboard using Checking water Text Started
04/12/2022 11:50:00 AM - INFO - TestDashboard : Test dashboard using Checking water Text Completed
04/12/2022 11:50:00 AM - INFO - TestDashboard : Test dashboard using Checking alarm Text Started
04/12/2022 11:50:00 AM - INFO - TestDashboard : Test dashboard using Checking alarm Text Completed
04/12/2022 11:50:00 AM - INFO - TestDashboard : Test dashboard using Checking Fire Text Started
04/12/2022 11:50:00 AM - INFO - TestDashboard : Test dashboard using Checking Fire Text Completed
04/12/2022 11:50:00 AM - INFO - TestDashboard : Test dashboard using Checking Hub Text Started
04/12/2022 11:50:00 AM - INFO - TestDashboard : Test dashboard using Checking Hub Text Completed
04/12/2022 11:50:00 AM - INFO - TestDashboard : Test dashboard using Checking Date Started
04/12/2022 11:50:00 AM - INFO - TestDashboard : Test dashboard using Checking Date Completed
04/12/2022 11:50:00 AM - INFO - TestDashboard : Test dashboard By Clicking Connect Hubs to Homes Started
04/12/2022 11:50:05 AM - INFO - TestDashboard : Test dashboard By Clicking Connect Hubs to Homes Completed
04/12/2022 11:50:05 AM - INFO - TestDashboard : Test dashboard By Clicking Invite Home Owners Started
04/12/2022 11:50:11 AM - INFO - TestDashboard : Test dashboard By Clicking Invite Home Owners Completed
04/12/2022 11:50:11 AM - INFO - TestDashboard : Test dashboard By Clicking Register Buildings Started
04/12/2022 11:50:16 AM - INFO - TestDashboard : Test dashboard By Clicking Register Buildings Completed
04/12/2022 11:50:16 AM - INFO - TestDashboard : Test dashboard By Clicking Register Homes Started
04/12/2022 11:50:21 AM - INFO - TestDashboard : Test dashboard By Clicking Register Homes Completed
04/12/2022 11:54:30 AM - INFO - TestDashboard : Test dashboard Started
04/12/2022 11:54:35 AM - INFO - TestDashboard : Test dashboard completed
04/12/2022 11:54:35 AM - INFO - TestDashboard : Test dashboard using Checking water Text Started
04/12/2022 11:54:35 AM - INFO - TestDashboard : Test dashboard using Checking water Text Completed
04/12/2022 11:54:35 AM - INFO - TestDashboard : Test dashboard using Checking alarm Text Started
04/12/2022 11:54:35 AM - INFO - TestDashboard : Test dashboard using Checking alarm Text Completed
04/12/2022 11:54:35 AM - INFO - TestDashboard : Test dashboard using Checking Fire Text Started
04/12/2022 11:54:35 AM - INFO - TestDashboard : Test dashboard using Checking Fire Text Completed
04/12/2022 11:54:35 AM - INFO - TestDashboard : Test dashboard using Checking Hub Text Started
04/12/2022 11:54:35 AM - INFO - TestDashboard : Test dashboard using Checking Hub Text Completed
04/12/2022 11:54:35 AM - INFO - TestDashboard : Test dashboard using Checking Date Started
04/12/2022 11:54:35 AM - INFO - TestDashboard : Test dashboard using Checking Date Completed
04/12/2022 11:54:35 AM - INFO - TestDashboard : Test dashboard By Clicking Connect Hubs to Homes Started
04/12/2022 11:54:40 AM - INFO - TestDashboard : Test dashboard By Clicking Connect Hubs to Homes Completed
04/12/2022 11:54:40 AM - INFO - TestDashboard : Test dashboard By Clicking Invite Home Owners Started
04/12/2022 11:54:45 AM - INFO - TestDashboard : Test dashboard By Clicking Invite Home Owners Completed
04/12/2022 11:54:45 AM - INFO - TestDashboard : Test dashboard By Clicking Register Buildings Started
04/12/2022 11:54:51 AM - INFO - TestDashboard : Test dashboard By Clicking Register Buildings Completed
04/12/2022 11:54:51 AM - INFO - TestDashboard : Test dashboard By Clicking Register Homes Started
04/12/2022 12:36:51 PM - INFO - TestDashboard : Test dashboard Started
04/12/2022 12:36:56 PM - INFO - TestDashboard : Test dashboard completed
04/12/2022 12:36:56 PM - INFO - TestDashboard : Test dashboard using Checking water Text Started
04/12/2022 12:36:56 PM - INFO - TestDashboard : Test dashboard using Checking water Text Completed
04/12/2022 12:36:56 PM - INFO - TestDashboard : Test dashboard using Checking alarm Text Started
04/12/2022 12:36:56 PM - INFO - TestDashboard : Test dashboard using Checking alarm Text Completed
04/12/2022 12:36:56 PM - INFO - TestDashboard : Test dashboard using Checking Fire Text Started
04/12/2022 12:36:56 PM - INFO - TestDashboard : Test dashboard using Checking Fire Text Completed
04/12/2022 12:36:56 PM - INFO - TestDashboard : Test dashboard using Checking Hub Text Started
04/12/2022 12:36:56 PM - INFO - TestDashboard : Test dashboard using Checking Hub Text Completed
04/12/2022 12:36:56 PM - INFO - TestDashboard : Test dashboard using Checking Date Started
04/12/2022 12:36:56 PM - INFO - TestDashboard : Test dashboard using Checking Date Completed
04/12/2022 12:36:56 PM - INFO - TestDashboard : Test dashboard By Clicking Connect Hubs to Homes Started
04/12/2022 12:37:01 PM - INFO - TestDashboard : Test dashboard By Clicking Connect Hubs to Homes Completed
04/12/2022 12:37:01 PM - INFO - TestDashboard : Test dashboard By Clicking Invite Home Owners Started
04/12/2022 12:37:06 PM - INFO - TestDashboard : Test dashboard By Clicking Invite Home Owners Completed
04/12/2022 12:37:06 PM - INFO - TestDashboard : Test dashboard By Clicking Register Buildings Started
04/12/2022 12:37:11 PM - INFO - TestDashboard : Test dashboard By Clicking Register Buildings Completed
04/12/2022 12:37:11 PM - INFO - TestDashboard : Test dashboard By Clicking Register Homes Started
04/12/2022 12:38:09 PM - INFO - TestDashboard : Test dashboard Started
04/12/2022 12:38:14 PM - INFO - TestDashboard : Test dashboard completed
04/12/2022 12:38:14 PM - INFO - TestDashboard : Test dashboard using Checking water Text Started
04/12/2022 12:38:15 PM - INFO - TestDashboard : Test dashboard using Checking water Text Completed
04/12/2022 12:38:15 PM - INFO - TestDashboard : Test dashboard using Checking alarm Text Started
04/12/2022 12:38:15 PM - INFO - TestDashboard : Test dashboard using Checking alarm Text Completed
04/12/2022 12:38:15 PM - INFO - TestDashboard : Test dashboard using Checking Fire Text Started
04/12/2022 12:38:15 PM - INFO - TestDashboard : Test dashboard using Checking Fire Text Completed
04/12/2022 12:38:15 PM - INFO - TestDashboard : Test dashboard using Checking Hub Text Started
04/12/2022 12:38:15 PM - INFO - TestDashboard : Test dashboard using Checking Hub Text Completed
04/12/2022 12:38:15 PM - INFO - TestDashboard : Test dashboard using Checking Date Started
04/12/2022 12:38:15 PM - INFO - TestDashboard : Test dashboard using Checking Date Completed
04/12/2022 12:38:15 PM - INFO - TestDashboard : Test dashboard By Clicking Connect Hubs to Homes Started
04/12/2022 12:38:20 PM - INFO - TestDashboard : Test dashboard By Clicking Connect Hubs to Homes Completed
04/12/2022 12:38:20 PM - INFO - TestDashboard : Test dashboard By Clicking Invite Home Owners Started
04/12/2022 12:38:25 PM - INFO - TestDashboard : Test dashboard By Clicking Invite Home Owners Completed
04/12/2022 12:38:25 PM - INFO - TestDashboard : Test dashboard By Clicking Register Buildings Started
04/12/2022 12:38:30 PM - INFO - TestDashboard : Test dashboard By Clicking Register Buildings Completed
04/12/2022 12:38:30 PM - INFO - TestDashboard : Test dashboard By Clicking Register Homes Started
04/12/2022 12:38:35 PM - INFO - TestDashboard : Test dashboard By Clicking Register Homes Completed
04/12/2022 01:03:24 PM - INFO - TestCommonArea : Add Common Area Started
04/12/2022 01:04:50 PM - INFO - TestCommonArea : Add Common Area Started
04/12/2022 01:40:20 PM - INFO - TestCommonArea : Add Common Area Started
04/12/2022 01:44:00 PM - INFO - TestCommonArea : Add Common Area Started
04/12/2022 01:47:43 PM - INFO - TestCommonArea : Add Common Area Started
04/12/2022 01:48:40 PM - INFO - TestCommonArea : Add Common Area Started
04/12/2022 01:50:23 PM - INFO - TestCommonArea : Add Common Area Started
04/12/2022 01:54:14 PM - INFO - TestCommonArea : Add Common Area Started
04/12/2022 01:59:02 PM - INFO - TestCommonArea : Add Common Area Started
04/12/2022 02:01:20 PM - INFO - TestCommonArea : Add Common Area Started
04/12/2022 02:02:56 PM - INFO - TestCommonArea : Add Common Area Started
04/12/2022 02:03:54 PM - INFO - TestCommonArea : Add Common Area Started
04/12/2022 02:04:20 PM - INFO - TestCommonArea : Add Common Area Started
04/12/2022 02:08:20 PM - INFO - TestCommonArea : Add Common Area Started
04/12/2022 02:09:04 PM - INFO - TestCommonArea : Add Common Area Started
04/12/2022 02:11:03 PM - INFO - TestCommonArea : Add Common Area Started
04/12/2022 02:11:22 PM - INFO - TestCommonArea : Add Common Area Started
04/12/2022 02:12:09 PM - INFO - TestCommonArea : Add Common Area Started
04/12/2022 02:13:04 PM - INFO - TestCommonArea : Add Common Area Started
04/12/2022 02:14:30 PM - INFO - TestCommonArea : Add Common Area Started
04/12/2022 02:16:03 PM - INFO - TestCommonArea : Add Common Area Started
04/12/2022 02:20:24 PM - INFO - TestCommonArea : Add Common Area Started
04/12/2022 02:40:33 PM - INFO - TestCommonArea : Add Common Area Started
04/12/2022 02:40:56 PM - INFO - TestCommonArea : Add Common Area Started
04/12/2022 02:42:45 PM - INFO - TestCommonArea : Add Common Area Started
04/12/2022 02:45:10 PM - INFO - TestCommonArea : Add Common Area Started
04/12/2022 02:47:30 PM - INFO - TestCommonArea : Add Common Area Started
04/12/2022 02:57:34 PM - INFO - TestCommonArea : Add Common Area Started
04/12/2022 02:58:04 PM - INFO - TestCommonArea : Add Common Area Started
04/12/2022 03:22:19 PM - INFO - TestCommonArea : Add Common Area Started
04/12/2022 03:23:19 PM - INFO - TestCommonArea : Add Common Area Started
04/12/2022 03:23:42 PM - INFO - TestCommonArea : Add Common Area Started
04/12/2022 03:28:40 PM - INFO - TestCommonArea : Add Common Area Started
04/12/2022 03:32:18 PM - INFO - TestCommonArea : Add Common Area Started
04/12/2022 03:32:38 PM - INFO - TestCommonArea : Add Common Area Started
04/12/2022 03:33:41 PM - INFO - TestCommonArea : Add Common Area Started
04/12/2022 03:35:29 PM - INFO - TestCommonArea : Add Common Area Started
04/12/2022 03:37:27 PM - INFO - TestCommonArea : Add Common Area Started
04/12/2022 03:39:45 PM - INFO - TestCommonArea : Add Common Area Started
04/12/2022 03:40:07 PM - INFO - TestCommonArea : Add Common Area Started
04/12/2022 03:47:31 PM - INFO - TestCommonArea : Add Common Area Started
04/12/2022 03:47:49 PM - INFO - TestCommonArea : Add Common Area Started
04/12/2022 03:51:19 PM - INFO - TestCommonArea : Add Common Area Started
04/12/2022 03:54:48 PM - INFO - TestCommonArea : Add Common Area Started
04/12/2022 03:57:01 PM - INFO - TestCommonArea : Add Common Area Started
04/12/2022 03:59:48 PM - INFO - TestCommonArea : Add Common Area Started
04/12/2022 04:00:07 PM - INFO - TestCommonArea : Add Common Area Started
04/12/2022 04:07:43 PM - INFO - TestCommonArea : Add Common Area Started
04/12/2022 04:08:02 PM - INFO - TestCommonArea : Add Common Area Started
04/12/2022 04:10:06 PM - INFO - TestCommonArea : Add Common Area Started
04/12/2022 04:10:18 PM - INFO - TestCommonArea : Add Common Area Completed
04/12/2022 04:39:23 PM - INFO - TestCommonArea : Add Common Area Started
04/12/2022 04:39:41 PM - INFO - TestCommonArea : Add Common Area Started
04/12/2022 04:39:52 PM - INFO - TestCommonArea : Add Common Area Completed
04/12/2022 05:29:12 PM - INFO - TestCommonArea : Add Common Area Started
04/12/2022 05:29:30 PM - INFO - TestCommonArea : Add Common Area Started
04/12/2022 05:30:27 PM - INFO - TestCommonArea : Add Common Area Started
04/12/2022 05:30:46 PM - INFO - TestCommonArea : Add Common Area Started
04/12/2022 05:32:06 PM - INFO - TestCommonArea : Add Common Area Started
04/12/2022 05:32:38 PM - INFO - TestCommonArea : Add Common Area Started
04/12/2022 05:32:50 PM - INFO - TestCommonArea : Add Common Area Completed
04/12/2022 05:35:03 PM - INFO - TestCommonArea : Add Common Area Started
04/12/2022 05:36:15 PM - INFO - TestCommonArea : Add Common Area Started
04/12/2022 05:36:51 PM - INFO - TestCommonArea : Add Common Area Started
04/12/2022 05:42:23 PM - INFO - TestCommonArea : Add Common Area Started
04/12/2022 05:43:34 PM - INFO - TestCommonArea : Add Common Area Started
04/12/2022 05:43:53 PM - INFO - TestCommonArea : Add Common Area Started
04/12/2022 05:44:04 PM - INFO - TestCommonArea : Add Common Area Completed
04/12/2022 05:45:05 PM - INFO - TestCommonArea : Add Common Area Started
04/12/2022 05:45:39 PM - INFO - TestCommonArea : Add Common Area Started
04/12/2022 05:45:50 PM - INFO - TestCommonArea : Add Common Area Completed
04/12/2022 05:47:18 PM - INFO - TestCommonArea : Add Common Area Started
04/12/2022 05:47:45 PM - INFO - TestCommonArea : Add Common Area Started
04/12/2022 05:48:19 PM - INFO - TestCommonArea : Add Common Area Started
04/12/2022 05:48:29 PM - INFO - TestCommonArea : Add Common Area Completed
04/12/2022 05:50:36 PM - INFO - TestCommonArea : Add Common Area Started
04/12/2022 05:50:57 PM - INFO - TestCommonArea : Add Common Area Started
04/12/2022 05:51:18 PM - INFO - TestCommonArea : Add Common Area Started
04/12/2022 05:51:38 PM - INFO - TestCommonArea : Add Common Area Started
04/12/2022 05:52:00 PM - INFO - TestCommonArea : Add Common Area Started
04/12/2022 05:52:55 PM - INFO - TestCommonArea : Add Common Area Started
04/12/2022 05:59:57 PM - INFO - TestCommonArea : Add Common Area Started
04/12/2022 06:00:07 PM - INFO - TestCommonArea : Add Common Area Completed
04/12/2022 06:03:23 PM - INFO - TestCommonArea : Add Common Area Started
04/12/2022 06:03:45 PM - INFO - TestCommonArea : Add Common Area Started
04/12/2022 06:04:32 PM - INFO - TestCommonArea : Add Common Area Started
04/12/2022 06:04:58 PM - INFO - TestCommonArea : Add Common Area Started
04/12/2022 06:05:17 PM - INFO - TestCommonArea : Add Common Area Started
04/12/2022 06:05:54 PM - INFO - TestCommonArea : Add Common Area Started
04/12/2022 06:06:16 PM - INFO - TestCommonArea : Add Common Area Started
04/12/2022 06:06:35 PM - INFO - TestCommonArea : Add Common Area Started
04/12/2022 06:06:57 PM - INFO - TestCommonArea : Add Common Area Started
04/12/2022 06:07:08 PM - INFO - TestCommonArea : Add Common Area Completed
04/12/2022 06:11:32 PM - INFO - TestCommonArea : Add Common Area Started
04/12/2022 06:13:18 PM - INFO - TestCommonArea : Add Common Area Started
04/12/2022 06:54:43 PM - INFO - TestCommonArea : Add Common Area Started
04/12/2022 06:55:57 PM - INFO - TestCommonArea : Add Common Area Started
04/12/2022 06:57:06 PM - INFO - TestCommonArea : Add Common Area Started
04/12/2022 06:57:26 PM - INFO - TestCommonArea : Add Common Area Started
04/12/2022 06:57:49 PM - INFO - TestCommonArea : Add Common Area Started
04/12/2022 06:58:33 PM - INFO - TestCommonArea : Add Common Area Started
04/13/2022 11:56:19 AM - INFO - TestCommonArea : Add Common Area Started
04/13/2022 12:00:04 PM - INFO - TestCommonArea : Add Common Area Started
04/13/2022 12:01:49 PM - INFO - TestCommonArea : Add Common Area Started
04/13/2022 12:03:44 PM - INFO - TestCommonArea : Add Common Area Started
04/13/2022 12:08:22 PM - INFO - TestCommonArea : Add Common Area Started
04/13/2022 12:09:56 PM - INFO - TestCommonArea : Add Common Area Started
04/13/2022 12:12:45 PM - INFO - TestCommonArea : Add Common Area Started
04/13/2022 12:15:26 PM - INFO - TestCommonArea : Add Common Area Started
04/13/2022 01:29:42 PM - INFO - TestCommonArea : Add Common Area Started
04/13/2022 01:32:25 PM - INFO - TestCommonArea : Add Common Area Started
04/13/2022 01:34:23 PM - INFO - TestCommonArea : Add Common Area Started
04/13/2022 01:35:49 PM - INFO - TestCommonArea : Add Common Area Started
04/13/2022 01:37:17 PM - INFO - TestCommonArea : Add Common Area Started
04/13/2022 01:40:28 PM - INFO - TestCommonArea : Add Common Area Started
04/13/2022 01:42:47 PM - INFO - TestCommonArea : Add Common Area Started
04/13/2022 02:10:03 PM - INFO - TestCommonArea : Add Common Area Started
04/13/2022 02:11:11 PM - INFO - TestCommonArea : Add Common Area Started
04/13/2022 02:16:39 PM - INFO - TestCommonArea : Add Common Area Started
04/13/2022 02:24:53 PM - INFO - TestCommonArea : Add Common Area Started
04/13/2022 02:44:31 PM - INFO - TestCommonArea : Add Common Area Started
04/13/2022 02:50:29 PM - INFO - TestCommonArea : Add Common Area Started
04/13/2022 03:00:08 PM - INFO - TestCommonArea : Add Common Area Started
04/13/2022 03:02:35 PM - INFO - TestCommonArea : Add Common Area Started
04/13/2022 03:06:00 PM - INFO - TestCommonArea : Add Common Area Started
04/13/2022 03:14:29 PM - INFO - TestCommonArea : Add Common Area Started
04/13/2022 03:15:06 PM - INFO - TestCommonArea : Add Common Area Started
04/13/2022 03:27:47 PM - INFO - TestCommonArea : Add Common Area Started
04/13/2022 03:38:59 PM - INFO - TestCommonArea : Add Common Area Started
04/13/2022 04:09:03 PM - INFO - TestCommonArea : Add Common Area Started
04/13/2022 04:09:35 PM - INFO - TestCommonArea : Add Common Area Started
04/13/2022 04:14:30 PM - INFO - TestCommonArea : Add Common Area Started
04/13/2022 04:16:45 PM - INFO - TestCommonArea : Add Common Area Started
04/13/2022 04:24:35 PM - INFO - TestCommonArea : Add Common Area Started
04/13/2022 04:31:09 PM - INFO - TestCommonArea : Add Common Area Started
04/15/2022 11:30:15 AM - INFO - TestCommonArea : Add Common Area Started
04/15/2022 11:31:01 AM - INFO - TestCommonArea : Add Common Area Completed
04/15/2022 11:40:53 AM - INFO - TestCommonArea : Add Common Area Started
04/15/2022 11:41:24 AM - INFO - TestCommonArea : Add Common Area Completed
04/15/2022 11:41:24 AM - INFO - TestCommonArea : Testing CommonArea By Clicking Buildings All Started
04/15/2022 11:54:28 AM - INFO - TestCommonArea : Add Common Area Started
04/15/2022 11:55:00 AM - INFO - TestCommonArea : Add Common Area Completed
04/15/2022 11:55:00 AM - INFO - TestCommonArea : Testing CommonArea By Clicking Buildings All Started
04/15/2022 12:19:32 PM - INFO - TestCommonArea : Add Common Area Started
04/15/2022 12:20:04 PM - INFO - TestCommonArea : Add Common Area Completed
04/15/2022 12:20:04 PM - INFO - TestCommonArea : Testing CommonArea By Clicking Buildings All Started
04/15/2022 12:48:01 PM - INFO - TestCommonArea : Add Common Area Started
04/15/2022 12:48:32 PM - INFO - TestCommonArea : Add Common Area Completed
04/15/2022 12:48:32 PM - INFO - TestCommonArea : Testing CommonArea By Clicking Buildings All Started
04/15/2022 12:48:50 PM - INFO - TestCommonArea : Testing CommonArea By Clicking Buildings All Completes
04/15/2022 12:53:59 PM - INFO - TestCommonArea : Add Common Area Started
04/15/2022 12:58:41 PM - INFO - TestCommonArea : Add Common Area Started
04/15/2022 12:59:12 PM - INFO - TestCommonArea : Add Common Area Started
04/15/2022 01:04:03 PM - INFO - TestCommonArea : Add Common Area Started
04/15/2022 01:04:33 PM - INFO - TestCommonArea : Add Common Area Completed
04/15/2022 01:16:05 PM - INFO - TestCommonArea : Add Common Area Started
04/15/2022 01:16:35 PM - INFO - TestCommonArea : Add Common Area Completed
04/15/2022 01:16:35 PM - INFO - TestCommonArea : Testing CommonArea By Clicking Buildings All Started
04/15/2022 01:16:58 PM - INFO - TestCommonArea : Testing CommonArea By Clicking Buildings All Completes
